<?xml version="1.0" encoding="UTF-8"?>
<!-- Generated by org.testng.reporters.JUnitReportReporter -->
<testsuite hostname="LAPTOP-40EPTFGM" failures="0" tests="1" name="Academy.E2EProject.validateTopNavBar" time="0.232" errors="0" timestamp="2021-08-08T15:58:50 IST" skipped="0">
  <testcase classname="Academy.E2EProject.validateTopNavBar" name="valTopNavBar" time="0.232"/>
  <system-out/>
</testsuite> <!-- Academy.E2EProject.validateTopNavBar -->
