<?xml version="1.0" encoding="UTF-8"?>
<!-- Generated by org.testng.reporters.JUnitReportReporter -->
<testsuite hostname="LAPTOP-40EPTFGM" failures="0" tests="1" name="cucumberOptions.TestRunner" time="21.474" errors="0" timestamp="2021-09-08T11:10:26 IST" skipped="0">
  <testcase classname="cucumberOptions.TestRunner" name="feature" time="21.474"/>
  <system-out/>
</testsuite> <!-- cucumberOptions.TestRunner -->
