<?xml version="1.0" encoding="UTF-8"?>
<!-- Generated by org.testng.reporters.JUnitReportReporter -->
<testsuite hostname="LAPTOP-40EPTFGM" failures="0" tests="2" name="Academy.E2EProject.HomePage" time="9.860" errors="0" timestamp="2021-09-08T09:15:56 IST" skipped="0">
  <testcase classname="Academy.E2EProject.HomePage" name="basePageNav" time="7.809"/>
  <system-out/>
  <testcase classname="Academy.E2EProject.HomePage" name="basePageNav" time="2.051"/>
  <system-out/>
</testsuite> <!-- Academy.E2EProject.HomePage -->
