<?xml version="1.0" encoding="UTF-8"?>
<!-- Generated by org.testng.reporters.JUnitReportReporter -->
<testsuite hostname="LAPTOP-40EPTFGM" failures="0" tests="1" name="Academy.E2EProject.validatePageTitle" time="0.083" errors="0" timestamp="2021-08-08T15:57:00 IST" skipped="0">
  <testcase classname="Academy.E2EProject.validatePageTitle" name="valSectitle" time="0.083"/>
  <system-out/>
</testsuite> <!-- Academy.E2EProject.validatePageTitle -->
