<?xml version="1.0" encoding="UTF-8"?>
<!-- Generated by org.testng.reporters.JUnitReportReporter -->
<testsuite hostname="LAPTOP-40EPTFGM" failures="0" tests="2" name="Academy.E2EProject.HomePage" time="19.168" errors="0" timestamp="2021-08-08T16:00:29 IST" skipped="0">
  <testcase classname="Academy.E2EProject.HomePage" name="basePageNav" time="16.397"/>
  <system-out/>
  <testcase classname="Academy.E2EProject.HomePage" name="basePageNav" time="2.771"/>
  <system-out/>
</testsuite> <!-- Academy.E2EProject.HomePage -->
