<?xml version="1.0" encoding="UTF-8"?>
<!-- Generated by org.testng.reporters.JUnitReportReporter -->
<testsuite skipped="0" hostname="LAPTOP-40EPTFGM" name="Academy.E2EProject.HomePage" tests="2" failures="0" timestamp="2021-08-08T22:38:10 IST" time="59.684" errors="0">
  <testcase name="basePageNav" time="5.589" classname="Academy.E2EProject.HomePage"/>
  <system-out/>
  <testcase name="basePageNav" time="54.095" classname="Academy.E2EProject.HomePage"/>
  <system-out/>
</testsuite> <!-- Academy.E2EProject.HomePage -->
