<?xml version="1.0" encoding="UTF-8"?>
<!-- Generated by org.testng.reporters.JUnitReportReporter -->
<testsuite skipped="0" hostname="LAPTOP-40EPTFGM" name="Academy.E2EProject.validateTopNavBar" tests="1" failures="0" timestamp="2021-08-08T22:38:10 IST" time="0.131" errors="0">
  <testcase name="valTopNavBar" time="0.131" classname="Academy.E2EProject.validateTopNavBar"/>
  <system-out/>
</testsuite> <!-- Academy.E2EProject.validateTopNavBar -->
